<?xml version="1.0" encoding="UTF-8"?>
<testng-results skipped="0" failed="0" ignored="0" total="1" passed="1">
  <reporter-output>
  </reporter-output>
  <suite name="Suite A" duration-ms="97" started-at="2017-12-24T07:35:49Z" finished-at="2017-12-24T07:35:49Z">
    <groups>
    </groups>
    <test name="SuiteA Test1" duration-ms="97" started-at="2017-12-24T07:35:49Z" finished-at="2017-12-24T07:35:49Z">
      <class name="SuiteA.Test1">
        <test-method status="PASS" signature="testA1_2()[pri:0, instance:SuiteA.Test1@51efea79]" name="testA1_2" duration-ms="4" started-at="2017-12-24T13:05:49Z" finished-at="2017-12-24T13:05:49Z">
          <reporter-output>
          </reporter-output>
        </test-method> <!-- testA1_2 -->
      </class> <!-- SuiteA.Test1 -->
    </test> <!-- SuiteA Test1 -->
  </suite> <!-- Suite A -->
  <suite name="My suite" duration-ms="0" started-at="2017-12-24T07:35:49Z" finished-at="2017-12-24T07:35:49Z">
    <groups>
    </groups>
  </suite> <!-- My suite -->
</testng-results>
